<?xml version="1.0" encoding="UTF-8"?>
<!-- Generated by org.testng.reporters.JUnitReportReporter -->
<testsuite hostname="navadhiti-HP-EliteBook-840-G3" failures="0" tests="1" name="testPackage.TC_001_Login2" time="60.116" errors="0" timestamp="2024-11-22T11:37:21 IST" skipped="0">
  <testcase classname="testPackage.TC_001_Login2" name="validate_login" time="60.116"/>
</testsuite> <!-- testPackage.TC_001_Login2 -->
