<?xml version="1.0" encoding="UTF-8"?>
<!-- Generated by org.testng.reporters.JUnitReportReporter -->
<testsuite hostname="navadhiti-HP-EliteBook-840-G3" failures="0" tests="1" name="testPackage.TC_003_Logout" time="68.834" errors="0" timestamp="2024-11-22T17:55:59 IST" skipped="0">
  <testcase classname="testPackage.TC_003_Logout" name="validate_logout" time="68.834"/>
</testsuite> <!-- testPackage.TC_003_Logout -->
