<?xml version="1.0" encoding="UTF-8"?>
<!-- Generated by org.testng.reporters.JUnitReportReporter -->
<testsuite hostname="navadhiti-HP-EliteBook-840-G3" failures="0" tests="6" name="testPackage.TC_001_Login2" time="109.259" errors="0" timestamp="2024-12-06T12:08:19 IST" skipped="0">
  <testcase classname="testPackage.TC_001_Login2" name="validate_login" time="13.630"/>
  <testcase classname="testPackage.TC_001_Login2" name="validate_login" time="9.973"/>
  <testcase classname="testPackage.TC_001_Login2" name="validate_login" time="13.057"/>
  <testcase classname="testPackage.TC_001_Login2" name="validate_login" time="50.100"/>
  <testcase classname="testPackage.TC_001_Login2" name="validate_login" time="12.416"/>
  <testcase classname="testPackage.TC_001_Login2" name="validate_login" time="10.083"/>
</testsuite> <!-- testPackage.TC_001_Login2 -->
