<?xml version="1.0" encoding="UTF-8"?>
<!-- Generated by org.testng.reporters.JUnitReportReporter -->
<testsuite hostname="navadhiti-HP-EliteBook-840-G3" failures="0" tests="1" name="testPackage.TC_004_AddKeyword" time="94.177" errors="0" timestamp="2024-12-02T16:19:00 IST" skipped="0">
  <testcase classname="testPackage.TC_004_AddKeyword" name="Add_Keyword" time="94.177"/>
</testsuite> <!-- testPackage.TC_004_AddKeyword -->
