<?xml version="1.0" encoding="UTF-8"?>
<!-- Generated by org.testng.reporters.JUnitReportReporter -->
<testsuite hostname="navadhiti-HP-EliteBook-840-G3" failures="0" tests="1" name="testPackage.TC_001_Login2" time="64.549" errors="0" timestamp="2024-11-27T16:06:59 IST" skipped="0">
  <testcase classname="testPackage.TC_001_Login2" name="validate_login" time="64.549"/>
</testsuite> <!-- testPackage.TC_001_Login2 -->
