<?xml version="1.0" encoding="UTF-8"?>
<!-- Generated by org.testng.reporters.JUnitReportReporter -->
<testsuite hostname="navadhiti-HP-EliteBook-840-G3" failures="0" tests="1" name="testPackage.TC_004_Keyword" time="84.282" errors="0" timestamp="2024-11-28T17:33:51 IST" skipped="0">
  <testcase classname="testPackage.TC_004_Keyword" name="validate_Keyword" time="84.282"/>
</testsuite> <!-- testPackage.TC_004_Keyword -->
