<?xml version="1.0" encoding="UTF-8"?>
<!-- Generated by org.testng.reporters.JUnitReportReporter -->
<testsuite hostname="navadhiti-HP-EliteBook-840-G3" failures="0" tests="1" name="testPackage.TC_002_Recordings" time="162.210" errors="0" timestamp="2024-11-21T18:28:17 IST" skipped="0">
  <testcase classname="testPackage.TC_002_Recordings" name="validate_recordings" time="162.210"/>
</testsuite> <!-- testPackage.TC_002_Recordings -->
