<?xml version="1.0" encoding="UTF-8"?>
<!-- Generated by org.testng.reporters.JUnitReportReporter -->
<testsuite hostname="navadhiti-HP-EliteBook-840-G3" failures="0" tests="1" name="testPackage.TC_002_Recordings" time="85.389" errors="0" timestamp="2024-12-06T12:43:14 IST" skipped="0">
  <testcase classname="testPackage.TC_002_Recordings" name="validate_recordings" time="85.389"/>
</testsuite> <!-- testPackage.TC_002_Recordings -->
